-- Configuring done
-- Generating done
-- Build files have been written to: /home/lovelace/proj/proj930/g216741/cuda-exercises-GeorgeJuniorGG/02-Histogram/build
Consolidate compiler generated dependencies of target serial
[ 50%] Built target serial
Consolidate compiler generated dependencies of target parallel
[100%] Built target parallel
0.278 0.069 0.025 0.001 0.026 0.033 0.074 0.012 0.004 0.009 0.024 0.089 0.000 0.001 0.006 0.013 0.028 0.004 0.001 0.000 0.029 0.026 0.004 0.001 0.009 0.015 0.011 0.002 0.001 0.002 0.003 0.005 0.009 0.001 0.000 0.000 0.009 0.004 0.001 0.001 0.008 0.026 0.023 0.002 0.002 0.002 0.008 0.007 0.012 0.000 0.000 0.000 0.006 0.002 0.001 0.000 0.005 0.002 0.003 0.001 0.007 0.005 0.011 0.034 
0.278 0.069 0.025 0.001 0.026 0.033 0.074 0.012 0.004 0.009 0.024 0.089 0.000 0.001 0.006 0.013 0.028 0.004 0.001 0.000 0.029 0.026 0.004 0.001 0.009 0.015 0.011 0.002 0.001 0.002 0.003 0.005 0.009 0.001 0.000 0.000 0.009 0.004 0.001 0.001 0.008 0.026 0.023 0.002 0.002 0.002 0.008 0.007 0.012 0.000 0.000 0.000 0.006 0.002 0.001 0.000 0.005 0.002 0.003 0.001 0.007 0.005 0.011 0.034 
  Serial runtime: 0.083054s
Parallel runtime: 0.000115s
         Speedup: 722.2086x
0.869 0.015 0.000 0.000 0.003 0.010 0.002 0.000 0.000 0.000 0.000 0.000 0.000 0.000 0.000 0.000 0.024 0.001 0.000 0.000 0.006 0.011 0.001 0.000 0.000 0.002 0.001 0.000 0.000 0.000 0.000 0.000 0.006 0.001 0.000 0.000 0.004 0.003 0.000 0.000 0.000 0.004 0.005 0.000 0.000 0.000 0.001 0.000 0.002 0.000 0.000 0.000 0.009 0.001 0.000 0.000 0.003 0.003 0.002 0.000 0.001 0.001 0.003 0.004 
0.869 0.015 0.000 0.000 0.003 0.010 0.002 0.000 0.000 0.000 0.000 0.000 0.000 0.000 0.000 0.000 0.024 0.001 0.000 0.000 0.006 0.011 0.001 0.000 0.000 0.002 0.001 0.000 0.000 0.000 0.000 0.000 0.006 0.001 0.000 0.000 0.004 0.003 0.000 0.000 0.000 0.004 0.005 0.000 0.000 0.000 0.001 0.000 0.002 0.000 0.000 0.000 0.009 0.001 0.000 0.000 0.003 0.003 0.002 0.000 0.001 0.001 0.003 0.004 
  Serial runtime: 0.132041s
Parallel runtime: 0.000297s
         Speedup: 444.5824x
0.596 0.053 0.049 0.027 0.012 0.005 0.008 0.126 0.001 0.001 0.000 0.066 0.000 0.000 0.000 0.041 0.003 0.000 0.000 0.000 0.000 0.001 0.001 0.000 0.000 0.000 0.000 0.002 0.000 0.000 0.000 0.000 0.002 0.000 0.000 0.000 0.001 0.000 0.000 0.000 0.000 0.000 0.000 0.000 0.000 0.000 0.000 0.000 0.001 0.000 0.000 0.000 0.001 0.000 0.000 0.000 0.001 0.000 0.000 0.000 0.001 0.001 0.000 0.000 
0.596 0.053 0.049 0.027 0.012 0.005 0.008 0.126 0.001 0.001 0.000 0.066 0.000 0.000 0.000 0.041 0.003 0.000 0.000 0.000 0.000 0.001 0.001 0.000 0.000 0.000 0.000 0.002 0.000 0.000 0.000 0.000 0.002 0.000 0.000 0.000 0.001 0.000 0.000 0.000 0.000 0.000 0.000 0.000 0.000 0.000 0.000 0.000 0.001 0.000 0.000 0.000 0.001 0.000 0.000 0.000 0.001 0.000 0.000 0.000 0.001 0.001 0.000 0.000 
  Serial runtime: 0.461996s
Parallel runtime: 0.001009s
         Speedup: 457.8751x
0.078 0.000 0.000 0.000 0.000 0.000 0.000 0.000 0.000 0.000 0.000 0.000 0.000 0.000 0.000 0.000 0.000 0.000 0.000 0.000 0.000 0.001 0.000 0.000 0.000 0.000 0.000 0.000 0.000 0.000 0.000 0.000 0.000 0.000 0.000 0.000 0.000 0.000 0.000 0.000 0.000 0.000 0.002 0.000 0.000 0.000 0.000 0.000 0.001 0.000 0.000 0.000 0.000 0.000 0.000 0.000 0.000 0.000 0.000 0.000 0.000 0.000 0.000 0.918 
0.078 0.000 0.000 0.000 0.000 0.000 0.000 0.000 0.000 0.000 0.000 0.000 0.000 0.000 0.000 0.000 0.000 0.000 0.000 0.000 0.000 0.001 0.000 0.000 0.000 0.000 0.000 0.000 0.000 0.000 0.000 0.000 0.000 0.000 0.000 0.000 0.000 0.000 0.000 0.000 0.000 0.000 0.002 0.000 0.000 0.000 0.000 0.000 0.001 0.000 0.000 0.000 0.000 0.000 0.000 0.000 0.000 0.000 0.000 0.000 0.000 0.000 0.000 0.918 
  Serial runtime: 0.398681s
Parallel runtime: 0.001106s
         Speedup: 360.4710x
0.080 0.000 0.000 0.000 0.039 0.000 0.000 0.000 0.000 0.000 0.000 0.000 0.000 0.000 0.000 0.000 0.127 0.000 0.000 0.000 0.074 0.081 0.000 0.000 0.000 0.008 0.000 0.000 0.000 0.000 0.000 0.000 0.003 0.000 0.000 0.000 0.139 0.026 0.000 0.000 0.002 0.091 0.045 0.000 0.000 0.000 0.000 0.000 0.000 0.000 0.000 0.000 0.034 0.001 0.000 0.000 0.036 0.082 0.018 0.000 0.001 0.007 0.077 0.030 
0.080 0.000 0.000 0.000 0.039 0.000 0.000 0.000 0.000 0.000 0.000 0.000 0.000 0.000 0.000 0.000 0.127 0.000 0.000 0.000 0.074 0.081 0.000 0.000 0.000 0.008 0.000 0.000 0.000 0.000 0.000 0.000 0.003 0.000 0.000 0.000 0.139 0.026 0.000 0.000 0.002 0.091 0.045 0.000 0.000 0.000 0.000 0.000 0.000 0.000 0.000 0.000 0.034 0.001 0.000 0.000 0.036 0.082 0.018 0.000 0.001 0.007 0.077 0.030 
  Serial runtime: 2.150586s
Parallel runtime: 0.002726s
         Speedup: 788.9163x
